\BOOKMARK [1][-]{section.1}{\376\377\000I\000n\000t\000r\000o\000d\000u\000c\000t\000i\000o\000n}{}% 1
\BOOKMARK [1][-]{section.2}{\376\377\000E\000v\000o\000l\000u\000t\000i\000o\000n\000\040\000o\000f\000\040\000A\000p\000p\000r\000o\000a\000c\000h\000e\000s}{}% 2
\BOOKMARK [2][-]{subsection.2.1}{\376\377\000T\000r\000a\000d\000i\000t\000i\000o\000n\000a\000l\000\040\000M\000e\000t\000h\000o\000d\000s\000\040\000a\000n\000d\000\040\000T\000h\000e\000i\000r\000\040\000L\000i\000m\000i\000t\000a\000t\000i\000o\000n\000s}{section.2}% 3
\BOOKMARK [2][-]{subsection.2.2}{\376\377\000T\000r\000a\000n\000s\000i\000t\000i\000o\000n\000\040\000t\000o\000\040\000D\000e\000e\000p\000\040\000L\000e\000a\000r\000n\000i\000n\000g}{section.2}% 4
\BOOKMARK [1][-]{section.3}{\376\377\000D\000e\000t\000a\000i\000l\000e\000d\000\040\000P\000a\000p\000e\000r\000\040\000A\000n\000a\000l\000y\000s\000i\000s}{}% 5
\BOOKMARK [2][-]{subsection.3.1}{\376\377\000A\000t\000t\000e\000n\000t\000i\000o\000n\000\040\000b\000a\000s\000e\000d\000\040\000C\000N\000N\040\023\000L\000S\000T\000M\000\040\000a\000n\000d\000\040\000X\000G\000B\000o\000o\000s\000t\000\040\000\050\000A\000t\000t\000C\000L\000X\000\051}{section.3}% 6
\BOOKMARK [2][-]{subsection.3.2}{\376\377\000C\000L\000A\000M\000:\000\040\000C\000N\000N\040\023\000L\000S\000T\000M\040\023\000A\000t\000t\000e\000n\000t\000i\000o\000n\000\040\000M\000e\000c\000h\000a\000n\000i\000s\000m}{section.3}% 7
\BOOKMARK [2][-]{subsection.3.3}{\376\377\000M\000A\000S\000T\000E\000R\000:\000\040\000M\000a\000r\000k\000e\000t\000\040\000G\000u\000i\000d\000e\000d\000\040\000S\000t\000o\000c\000k\000\040\000T\000r\000a\000n\000s\000f\000o\000r\000m\000e\000r}{section.3}% 8
\BOOKMARK [2][-]{subsection.3.4}{\376\377\000R\000e\000s\000N\000L\000S\000:\000\040\000R\000e\000s\000i\000d\000u\000a\000l\000\040\000N\000e\000t\000w\000o\000r\000k\000\040\000w\000i\000t\000h\000\040\000L\000S\000T\000M}{section.3}% 9
\BOOKMARK [2][-]{subsection.3.5}{\376\377\000C\000N\000N\040\023\000L\000S\000T\000M\000\040\000S\000l\000i\000d\000i\000n\000g\000\040\000W\000i\000n\000d\000o\000w\000\040\000M\000o\000d\000e\000l}{section.3}% 10
\BOOKMARK [1][-]{section.4}{\376\377\000C\000o\000m\000p\000a\000r\000a\000t\000i\000v\000e\000\040\000A\000n\000a\000l\000y\000s\000i\000s\000\040\000A\000c\000r\000o\000s\000s\000\040\000P\000a\000p\000e\000r\000s}{}% 11
\BOOKMARK [2][-]{subsection.4.1}{\376\377\000A\000r\000c\000h\000i\000t\000e\000c\000t\000u\000r\000a\000l\000\040\000T\000r\000e\000n\000d\000s}{section.4}% 12
\BOOKMARK [2][-]{subsection.4.2}{\376\377\000P\000e\000r\000f\000o\000r\000m\000a\000n\000c\000e\000\040\000S\000u\000m\000m\000a\000r\000y}{section.4}% 13
\BOOKMARK [2][-]{subsection.4.3}{\376\377\000D\000a\000t\000a\000\040\000P\000r\000e\000p\000r\000o\000c\000e\000s\000s\000i\000n\000g}{section.4}% 14
\BOOKMARK [2][-]{subsection.4.4}{\376\377\000T\000r\000a\000i\000n\000i\000n\000g\000\040\000S\000t\000r\000a\000t\000e\000g\000i\000e\000s}{section.4}% 15
\BOOKMARK [2][-]{subsection.4.5}{\376\377\000L\000o\000o\000k\000b\000a\000c\000k\000\040\000W\000i\000n\000d\000o\000w\000\040\000C\000h\000o\000i\000c\000e}{section.4}% 16
\BOOKMARK [1][-]{section.5}{\376\377\000K\000e\000y\000\040\000I\000n\000n\000o\000v\000a\000t\000i\000o\000n\000s\000\040\000a\000n\000d\000\040\000C\000o\000n\000t\000r\000i\000b\000u\000t\000i\000o\000n\000s}{}% 17
\BOOKMARK [2][-]{subsection.5.1}{\376\377\000A\000t\000t\000e\000n\000t\000i\000o\000n\000\040\000M\000e\000c\000h\000a\000n\000i\000s\000m\000s}{section.5}% 18
\BOOKMARK [2][-]{subsection.5.2}{\376\377\000H\000y\000b\000r\000i\000d\000\040\000M\000o\000d\000e\000l\000i\000n\000g}{section.5}% 19
\BOOKMARK [2][-]{subsection.5.3}{\376\377\000M\000a\000r\000k\000e\000t\000\040\000G\000u\000i\000d\000e\000d\000\040\000L\000e\000a\000r\000n\000i\000n\000g}{section.5}% 20
\BOOKMARK [2][-]{subsection.5.4}{\376\377\000C\000r\000o\000s\000s\000\040\000T\000i\000m\000e\000\040\000C\000o\000r\000r\000e\000l\000a\000t\000i\000o\000n\000\040\000M\000o\000d\000e\000l\000i\000n\000g}{section.5}% 21
\BOOKMARK [2][-]{subsection.5.5}{\376\377\000R\000e\000s\000i\000d\000u\000a\000l\000\040\000L\000e\000a\000r\000n\000i\000n\000g\000\040\000f\000o\000r\000\040\000T\000i\000m\000e\000\040\000S\000e\000r\000i\000e\000s}{section.5}% 22
\BOOKMARK [1][-]{section.6}{\376\377\000E\000v\000a\000l\000u\000a\000t\000i\000o\000n\000\040\000M\000e\000t\000h\000o\000d\000o\000l\000o\000g\000i\000e\000s}{}% 23
\BOOKMARK [2][-]{subsection.6.1}{\376\377\000R\000a\000n\000k\000i\000n\000g\000\040\000M\000e\000t\000r\000i\000c\000s}{section.6}% 24
\BOOKMARK [2][-]{subsection.6.2}{\376\377\000P\000o\000r\000t\000f\000o\000l\000i\000o\000\040\000B\000a\000s\000e\000d\000\040\000M\000e\000t\000r\000i\000c\000s}{section.6}% 25
\BOOKMARK [2][-]{subsection.6.3}{\376\377\000R\000e\000g\000r\000e\000s\000s\000i\000o\000n\000\040\000M\000e\000t\000r\000i\000c\000s}{section.6}% 26
\BOOKMARK [2][-]{subsection.6.4}{\376\377\000T\000r\000e\000n\000d\000\040\000A\000c\000c\000u\000r\000a\000c\000y}{section.6}% 27
\BOOKMARK [1][-]{section.7}{\376\377\000D\000a\000t\000a\000s\000e\000t\000\040\000C\000h\000a\000r\000a\000c\000t\000e\000r\000i\000s\000t\000i\000c\000s\000\040\000a\000n\000d\000\040\000A\000v\000a\000i\000l\000a\000b\000i\000l\000i\000t\000y}{}% 28
\BOOKMARK [2][-]{subsection.7.1}{\376\377\000C\000h\000i\000n\000e\000s\000e\000\040\000M\000a\000r\000k\000e\000t\000s}{section.7}% 29
\BOOKMARK [2][-]{subsection.7.2}{\376\377\000U\000S\000\040\000M\000a\000r\000k\000e\000t\000s}{section.7}% 30
\BOOKMARK [2][-]{subsection.7.3}{\376\377\000D\000a\000t\000a\000\040\000S\000p\000l\000i\000t\000s}{section.7}% 31
\BOOKMARK [1][-]{section.8}{\376\377\000C\000o\000n\000c\000l\000u\000s\000i\000o\000n}{}% 32
\BOOKMARK [1][-]{section.9}{\376\377\000P\000h\000a\000s\000e\000\040\0002\000\040\000I\000m\000p\000l\000e\000m\000e\000n\000t\000a\000t\000i\000o\000n\000\040\000a\000n\000d\000\040\000R\000e\000s\000u\000l\000t\000s}{}% 33
\BOOKMARK [2][-]{subsection.9.1}{\376\377\000P\000a\000p\000e\000r\000\040\000I\000m\000p\000l\000e\000m\000e\000n\000t\000a\000t\000i\000o\000n\000s\000:\000\040\000A\000t\000t\000C\000L\000X\000\040\000a\000n\000d\000\040\000S\000t\000o\000c\000k\000-\000M\000a\000r\000k\000e\000t\000-\000P\000r\000e\000d\000i\000c\000t\000i\000o\000n}{section.9}% 34
\BOOKMARK [3][-]{subsubsection.9.1.1}{\376\377\000A\000t\000t\000C\000L\000X\000\040\000P\000a\000p\000e\000r\000\040\000I\000m\000p\000l\000e\000m\000e\000n\000t\000a\000t\000i\000o\000n}{subsection.9.1}% 35
\BOOKMARK [3][-]{subsubsection.9.1.2}{\376\377\000S\000t\000o\000c\000k\000-\000M\000a\000r\000k\000e\000t\000-\000P\000r\000e\000d\000i\000c\000t\000i\000o\000n\000\040\000P\000a\000p\000e\000r\000\040\000I\000m\000p\000l\000e\000m\000e\000n\000t\000a\000t\000i\000o\000n}{subsection.9.1}% 36
\BOOKMARK [3][-]{subsubsection.9.1.3}{\376\377\000T\000r\000a\000n\000s\000i\000t\000i\000o\000n\000\040\000t\000o\000\040\000M\000u\000l\000t\000i\000-\000S\000t\000o\000c\000k\000\040\000E\000x\000p\000e\000r\000i\000m\000e\000n\000t\000s}{subsection.9.1}% 37
\BOOKMARK [2][-]{subsection.9.2}{\376\377\000S\000t\000e\000p\000\040\0001\000:\000\040\000P\000a\000p\000e\000r\000\040\000I\000m\000p\000l\000e\000m\000e\000n\000t\000a\000t\000i\000o\000n}{section.9}% 38
\BOOKMARK [2][-]{subsection.9.3}{\376\377\000S\000t\000e\000p\000\040\0002\000:\000\040\000B\000a\000s\000e\000l\000i\000n\000e\000\040\000R\000e\000s\000u\000l\000t\000s}{section.9}% 39
\BOOKMARK [2][-]{subsection.9.4}{\376\377\000S\000t\000e\000p\000\040\0003\000:\000\040\000P\000r\000o\000p\000o\000s\000e\000d\000\040\000I\000m\000p\000r\000o\000v\000e\000m\000e\000n\000t\000\040\000-\000\040\000H\000y\000b\000r\000i\000d\000\040\000T\000w\000o\000-\000B\000r\000a\000n\000c\000h\000\040\000A\000r\000c\000h\000i\000t\000e\000c\000t\000u\000r\000e}{section.9}% 40
\BOOKMARK [2][-]{subsection.9.5}{\376\377\000S\000t\000e\000p\000\040\0004\000:\000\040\000H\000y\000b\000r\000i\000d\000\040\000I\000m\000p\000l\000e\000m\000e\000n\000t\000a\000t\000i\000o\000n\000\040\000R\000e\000s\000u\000l\000t\000s}{section.9}% 41
\BOOKMARK [2][-]{subsection.9.6}{\376\377\000R\000e\000s\000u\000l\000t\000s\000\040\000S\000u\000m\000m\000a\000r\000y}{section.9}% 42
\BOOKMARK [1][-]{section.10}{\376\377\000F\000i\000n\000a\000l\000\040\000C\000o\000n\000c\000l\000u\000s\000i\000o\000n}{}% 43
